
**** 03/23/18 10:33:43 *********** Evaluation PSpice (Nov 1999) **************

 BJT czstotliwoci graniczne


 ****     CIRCUIT DESCRIPTION


******************************************************************************




*OPIS UKADU 
*tranzystor typu BC547B (NPN) pracujacy w poaczeniu WE

Q1 2 1 0 BC547B
*    C B E - kocwki tranzystora

I1 0 1 10u
IG 1 0 AC 1u
* rdo prdowe zasilajce baz

V2 2 0 6
* rdo napiciowe na wyjciu

* PARAMETRY MODELU TRANZYSTORA NPN 
* 1. linia: parametry materiaowe, statyczne,  i zwizane z zalenociami temperaturowymi  
* 2. linia: wzmocnienia prdowe, napicia Early'ego i wysoki poziom wstrzykiwania
* 3. i 4. rezystancje obszrw, parametry dynamiczne

.model BC547B NPN(Eg=1.11 IS=7.049f Xti=3 Ise=68f Ne=1.576 Isc=12.4f Nc=1.835
+ BF=390 BR=1 Xtb=1.5  Ikf=81.57m Ikr=3.924 Nk=.4767 
+ Rc=.9747 Cjc=5.25p Mjc=.3147 Vjc=.5697 Fc=.5 
+ Cje=11.5p Mje=.6715 Vje=.5 TR=10n TF=420p Itf=1.491 Xtf=40.06 Vtf=10)

*definicja analizy czstotliwociowej
.AC DEC 10 10 300meg 

.PRINT AC IC(Q1) IB(Q1)

.OP

.OPTIONS NOPAGE
.PROBE
.END



 ****     BJT MODEL PARAMETERS




               BC547B          
               NPN             
          IS    7.049000E-15 
          BF  390            
          NF    1            
         IKF     .08157      
         ISE   68.000000E-15 
          NE    1.576        
          BR    1            
          NR    1            
         IKR    3.924        
         ISC   12.400000E-15 
          NC    1.835        
          NK     .4767       
          RC     .9747       
         CJE   11.500000E-12 
         VJE     .5          
         MJE     .6715       
         CJC    5.250000E-12 
         VJC     .5697       
         MJC     .3147       
          TF  420.000000E-12 
         XTF   40.06         
         VTF   10            
         ITF    1.491        
          TR   10.000000E-09 
         XTB    1.5          
          CN    2.42         
           D     .87         




 ****     SMALL SIGNAL BIAS SOLUTION       TEMPERATURE =   27.000 DEG C



 NODE   VOLTAGE     NODE   VOLTAGE     NODE   VOLTAGE     NODE   VOLTAGE


(    1)     .6945  (    2)    6.0000  




    VOLTAGE SOURCE CURRENTS
    NAME         CURRENT

    V2          -3.121E-03

    TOTAL POWER DISSIPATION   1.87E-02  WATTS




 ****     OPERATING POINT INFORMATION      TEMPERATURE =   27.000 DEG C






**** BIPOLAR JUNCTION TRANSISTORS


NAME         Q1        
MODEL        BC547B    
IB           1.00E-05 
IC           3.12E-03 
VBE          6.95E-01 
VBC         -5.31E+00 
VCE          6.00E+00 
BETADC       3.12E+02 
GM           1.17E-01 
RPI          2.76E+03 
RX           0.00E+00 
RO           1.04E+12 
CBE          8.92E-11 
CBC          2.52E-12 
CJS          0.00E+00 
BETAAC       3.22E+02 
CBX/CBX2     0.00E+00 
FT/FT2       2.02E+08 




 ****     AC ANALYSIS                      TEMPERATURE =   27.000 DEG C



  FREQ        IC(Q1)      IB(Q1)      


   1.000E+01   3.216E-04   1.000E-06
   1.259E+01   3.216E-04   1.000E-06
   1.585E+01   3.216E-04   1.000E-06
   1.995E+01   3.216E-04   1.000E-06
   2.512E+01   3.216E-04   1.000E-06
   3.162E+01   3.216E-04   1.000E-06
   3.981E+01   3.216E-04   1.000E-06
   5.012E+01   3.216E-04   1.000E-06
   6.310E+01   3.216E-04   1.000E-06
   7.943E+01   3.216E-04   1.000E-06
   1.000E+02   3.216E-04   1.000E-06
   1.259E+02   3.216E-04   1.000E-06
   1.585E+02   3.216E-04   1.000E-06
   1.995E+02   3.216E-04   1.000E-06
   2.512E+02   3.216E-04   1.000E-06
   3.162E+02   3.216E-04   1.000E-06
   3.981E+02   3.216E-04   1.000E-06
   5.012E+02   3.216E-04   1.000E-06
   6.310E+02   3.216E-04   1.000E-06
   7.943E+02   3.216E-04   1.000E-06
   1.000E+03   3.216E-04   1.000E-06
   1.259E+03   3.216E-04   1.000E-06
   1.585E+03   3.216E-04   1.000E-06
   1.995E+03   3.216E-04   1.000E-06
   2.512E+03   3.216E-04   1.000E-06
   3.162E+03   3.216E-04   1.000E-06
   3.981E+03   3.216E-04   1.000E-06
   5.012E+03   3.216E-04   1.000E-06
   6.310E+03   3.216E-04   1.000E-06
   7.943E+03   3.216E-04   1.000E-06
   1.000E+04   3.216E-04   1.000E-06
   1.259E+04   3.216E-04   1.000E-06
   1.585E+04   3.215E-04   1.000E-06
   1.995E+04   3.215E-04   1.000E-06
   2.512E+04   3.214E-04   1.000E-06
   3.162E+04   3.212E-04   1.000E-06
   3.981E+04   3.210E-04   1.000E-06
   5.012E+04   3.206E-04   1.000E-06
   6.310E+04   3.200E-04   1.000E-06
   7.943E+04   3.191E-04   1.000E-06
   1.000E+05   3.176E-04   1.000E-06
   1.259E+05   3.153E-04   1.000E-06
   1.585E+05   3.118E-04   1.000E-06
   1.995E+05   3.065E-04   1.000E-06
   2.512E+05   2.986E-04   1.000E-06
   3.162E+05   2.872E-04   1.000E-06
   3.981E+05   2.716E-04   1.000E-06
   5.012E+05   2.513E-04   1.000E-06
   6.310E+05   2.268E-04   1.000E-06
   7.943E+05   1.993E-04   1.000E-06
   1.000E+06   1.709E-04   1.000E-06
   1.259E+06   1.434E-04   1.000E-06
   1.585E+06   1.184E-04   1.000E-06
   1.995E+06   9.646E-05   1.000E-06
   2.512E+06   7.792E-05   1.000E-06
   3.162E+06   6.258E-05   1.000E-06
   3.981E+06   5.006E-05   1.000E-06
   5.012E+06   3.994E-05   1.000E-06
   6.310E+06   3.182E-05   1.000E-06
   7.943E+06   2.532E-05   1.000E-06
   1.000E+07   2.014E-05   1.000E-06
   1.259E+07   1.601E-05   1.000E-06
   1.585E+07   1.272E-05   1.000E-06
   1.995E+07   1.011E-05   1.000E-06
   2.512E+07   8.029E-06   1.000E-06
   3.162E+07   6.379E-06   1.000E-06
   3.981E+07   5.067E-06   1.000E-06
   5.012E+07   4.025E-06   1.000E-06
   6.310E+07   3.197E-06   1.000E-06
   7.943E+07   2.540E-06   1.000E-06
   1.000E+08   2.018E-06   1.000E-06
   1.259E+08   1.603E-06   1.000E-06
   1.585E+08   1.273E-06   1.000E-06
   1.995E+08   1.011E-06   1.000E-06
   2.512E+08   8.036E-07   1.000E-06
   3.162E+08   6.386E-07   1.000E-06


          JOB CONCLUDED

          TOTAL JOB TIME             .02
