Removed Pin From Net: NetName=NetBT1_1 Pin=BT1-1
Removed Pin From Net: NetName=NetBT1_2 Pin=BT1-2
Change Component Designator: OldDesignator=Cz1 NewDesignator=C101
Change Component Designator: OldDesignator=Cz2 NewDesignator=C102
Change Component Designator: OldDesignator=Cz3 NewDesignator=C103
Change Component Designator: OldDesignator=Cz4 NewDesignator=C104
Change Component Designator: OldDesignator=Cz5 NewDesignator=C105
Change Component Designator: OldDesignator=Cz6 NewDesignator=C106
Added Component: Designator=R5(AXIAL-0.4)
Add component. Clean all parameters for all variants
Add component (AddParameter): Name = "LatestRevisionDate"; Value = "17-Jul-2002"; VariantName = "[No Variations]"
Add component (AddParameter): Name = "LatestRevisionNote"; Value = "Re-released for DXP Platform."; VariantName = "[No Variations]"
Add component (AddParameter): Name = "PackageDescription"; Value = "Axial Device, Thru-Hole; 2 Leads; 0.4 in Pin Spacing"; VariantName = "[No Variations]"
Add component (AddParameter): Name = "PackageReference"; Value = "AXIAL-0.4"; VariantName = "[No Variations]"
Add component (AddParameter): Name = "Published"; Value = "8-Jun-2000"; VariantName = "[No Variations]"
Add component (AddParameter): Name = "Publisher"; Value = "Altium Limited"; VariantName = "[No Variations]"
Add component (AddParameter): Name = "Value"; Value = "100K"; VariantName = "[No Variations]"
Added Component: Designator=R100(AXIAL-0.4)
Add component. Clean all parameters for all variants
Add component (AddParameter): Name = "LatestRevisionDate"; Value = "17-Jul-2002"; VariantName = "[No Variations]"
Add component (AddParameter): Name = "LatestRevisionNote"; Value = "Re-released for DXP Platform."; VariantName = "[No Variations]"
Add component (AddParameter): Name = "PackageDescription"; Value = "Axial Device, Thru-Hole; 2 Leads; 0.4 in Pin Spacing"; VariantName = "[No Variations]"
Add component (AddParameter): Name = "PackageReference"; Value = "AXIAL-0.4"; VariantName = "[No Variations]"
Add component (AddParameter): Name = "Published"; Value = "8-Jun-2000"; VariantName = "[No Variations]"
Add component (AddParameter): Name = "Publisher"; Value = "Altium Limited"; VariantName = "[No Variations]"
Add component (AddParameter): Name = "Value"; Value = "100K"; VariantName = "[No Variations]"
Added Pin To Net: NetName=NetBT1_2 Pin=BT1-1
Added Pin To Net: NetName=NetBT1_1 Pin=BT1-2
Added Pin To Net: NetName=NetC6_1 Pin=R5-1
Added Pin To Net: NetName=NetBT1_2 Pin=R5-2
Added Pin To Net: NetName=NetBT1_1 Pin=R100-1
Change Net Name : Old Net Name=NetBT1_1 New Net Name=NetBT1_2
Change Net Name : Old Net Name=NetBT1_2 New Net Name=NetBT1_1
Added Pin To Net: NetName=NetC4_2 Pin=C4-2
Added Pin To Net: NetName=NetC4_2 Pin=R100-2
Added Net: Name=NetC4_2
Added Member To Class: ClassName=mainBoard Member=Component R5 Res2
Added Member To Class: ClassName=mainBoard Member=Component R100 Res2
