Change Component Comment : Designator=Q3 Old Comment=2N3904 New Comment=BC337
Change Component Comment : Designator=Q6 Old Comment=2N3904 New Comment=BC337
Change Component Comment : Designator=Q1 Old Comment=2N3906 New Comment=BC327
Change Component Comment : Designator=Q4 Old Comment=2N3906 New Comment=BC327
Change Component Comment : Designator=Q5 Old Comment=2N3906 New Comment=BC327
Change Component Designator: OldDesignator=C1 NewDesignator=C6
Change Component Designator: OldDesignator=C2 NewDesignator=C4
Change Component Designator: OldDesignator=C9 NewDesignator=C5
Change Component Designator: OldDesignator=Q2 NewDesignator=Q3
Change Component Designator: OldDesignator=Q3 NewDesignator=Q5
Change Component Designator: OldDesignator=Q4 NewDesignator=Q6
Change Component Designator: OldDesignator=Q5 NewDesignator=Q4
Change Component Designator: OldDesignator=Q6 NewDesignator=Q2
Change Component Designator: OldDesignator=R1 NewDesignator=R5
Change Component Designator: OldDesignator=R2 NewDesignator=R7
Change Component Designator: OldDesignator=R3 NewDesignator=R8
Change Component Designator: OldDesignator=R4 NewDesignator=R6
Change component parameters: Designator = "C6"; Footprint = "CAPR5-4X5"; UniqueID = "\CFIWSFPI"
Change component parameters. Clean all parameters for all variants
Change component parameters (AddParameter): Name = "PackageDescription"; Value = "Capacitor; 2 Leads"; VariantName = "[No Variations]"
Change component parameters (AddParameter): Name = "PackageReference"; Value = "CAPR5-4X5"; VariantName = "[No Variations]"
Change component parameters (AddParameter): Name = "Published"; Value = "23-Sep-2002"; VariantName = "[No Variations]"
Change component parameters (AddParameter): Name = "Publisher"; Value = "Altium Limited"; VariantName = "[No Variations]"
Change component parameters (AddParameter): Name = "Value"; Value = "100u"; VariantName = "[No Variations]"
Change component parameters: Designator = "C4"; Footprint = "CAPR5-4X5"; UniqueID = "\YKNWUDEP"
Change component parameters. Clean all parameters for all variants
Change component parameters (AddParameter): Name = "PackageDescription"; Value = "Capacitor; 2 Leads"; VariantName = "[No Variations]"
Change component parameters (AddParameter): Name = "PackageReference"; Value = "CAPR5-4X5"; VariantName = "[No Variations]"
Change component parameters (AddParameter): Name = "Published"; Value = "23-Sep-2002"; VariantName = "[No Variations]"
Change component parameters (AddParameter): Name = "Publisher"; Value = "Altium Limited"; VariantName = "[No Variations]"
Change component parameters (AddParameter): Name = "Value"; Value = "470u"; VariantName = "[No Variations]"
Change component parameters: Designator = "C5"; Footprint = "CAPR5-4X5"; UniqueID = "\NWJATDLW"
Change component parameters. Clean all parameters for all variants
Change component parameters (AddParameter): Name = "PackageDescription"; Value = "Capacitor; 2 Leads"; VariantName = "[No Variations]"
Change component parameters (AddParameter): Name = "PackageReference"; Value = "CAPR5-4X5"; VariantName = "[No Variations]"
Change component parameters (AddParameter): Name = "Published"; Value = "23-Sep-2002"; VariantName = "[No Variations]"
Change component parameters (AddParameter): Name = "Publisher"; Value = "Altium Limited"; VariantName = "[No Variations]"
Change component parameters (AddParameter): Name = "Value"; Value = "100u"; VariantName = "[No Variations]"
Change component parameters: Designator = "R5"; Footprint = "AXIAL-0.4"; UniqueID = "\FLILBOQI"
Change component parameters. Clean all parameters for all variants
Change component parameters (AddParameter): Name = "LatestRevisionDate"; Value = "17-Jul-2002"; VariantName = "[No Variations]"
Change component parameters (AddParameter): Name = "LatestRevisionNote"; Value = "Re-released for DXP Platform."; VariantName = "[No Variations]"
Change component parameters (AddParameter): Name = "PackageDescription"; Value = "Axial Device, Thru-Hole; 2 Leads; 0.4 in Pin Spacing"; VariantName = "[No Variations]"
Change component parameters (AddParameter): Name = "PackageReference"; Value = "AXIAL-0.4"; VariantName = "[No Variations]"
Change component parameters (AddParameter): Name = "Published"; Value = "8-Jun-2000"; VariantName = "[No Variations]"
Change component parameters (AddParameter): Name = "Publisher"; Value = "Altium Limited"; VariantName = "[No Variations]"
Change component parameters (AddParameter): Name = "Value"; Value = "100K"; VariantName = "[No Variations]"
Change component parameters: Designator = "R7"; Footprint = "AXIAL-0.4"; UniqueID = "\XMFLAXQQ"
Change component parameters. Clean all parameters for all variants
Change component parameters (AddParameter): Name = "LatestRevisionDate"; Value = "17-Jul-2002"; VariantName = "[No Variations]"
Change component parameters (AddParameter): Name = "LatestRevisionNote"; Value = "Re-released for DXP Platform."; VariantName = "[No Variations]"
Change component parameters (AddParameter): Name = "PackageDescription"; Value = "Axial Device, Thru-Hole; 2 Leads; 0.4 in Pin Spacing"; VariantName = "[No Variations]"
Change component parameters (AddParameter): Name = "PackageReference"; Value = "AXIAL-0.4"; VariantName = "[No Variations]"
Change component parameters (AddParameter): Name = "Published"; Value = "8-Jun-2000"; VariantName = "[No Variations]"
Change component parameters (AddParameter): Name = "Publisher"; Value = "Altium Limited"; VariantName = "[No Variations]"
Change component parameters (AddParameter): Name = "Value"; Value = "10"; VariantName = "[No Variations]"
Change component parameters: Designator = "R8"; Footprint = "AXIAL-0.4"; UniqueID = "\BDJDPMSC"
Change component parameters. Clean all parameters for all variants
Change component parameters (AddParameter): Name = "LatestRevisionDate"; Value = "17-Jul-2002"; VariantName = "[No Variations]"
Change component parameters (AddParameter): Name = "LatestRevisionNote"; Value = "Re-released for DXP Platform."; VariantName = "[No Variations]"
Change component parameters (AddParameter): Name = "PackageDescription"; Value = "Axial Device, Thru-Hole; 2 Leads; 0.4 in Pin Spacing"; VariantName = "[No Variations]"
Change component parameters (AddParameter): Name = "PackageReference"; Value = "AXIAL-0.4"; VariantName = "[No Variations]"
Change component parameters (AddParameter): Name = "Published"; Value = "8-Jun-2000"; VariantName = "[No Variations]"
Change component parameters (AddParameter): Name = "Publisher"; Value = "Altium Limited"; VariantName = "[No Variations]"
Change component parameters (AddParameter): Name = "Value"; Value = "10"; VariantName = "[No Variations]"
Change component parameters: Designator = "R6"; Footprint = "AXIAL-0.4"; UniqueID = "\QUMNNXPL"
Change component parameters. Clean all parameters for all variants
Change component parameters (AddParameter): Name = "LatestRevisionDate"; Value = "17-Jul-2002"; VariantName = "[No Variations]"
Change component parameters (AddParameter): Name = "LatestRevisionNote"; Value = "Re-released for DXP Platform."; VariantName = "[No Variations]"
Change component parameters (AddParameter): Name = "PackageDescription"; Value = "Axial Device, Thru-Hole; 2 Leads; 0.4 in Pin Spacing"; VariantName = "[No Variations]"
Change component parameters (AddParameter): Name = "PackageReference"; Value = "AXIAL-0.4"; VariantName = "[No Variations]"
Change component parameters (AddParameter): Name = "Published"; Value = "8-Jun-2000"; VariantName = "[No Variations]"
Change component parameters (AddParameter): Name = "Publisher"; Value = "Altium Limited"; VariantName = "[No Variations]"
Change component parameters (AddParameter): Name = "Value"; Value = "100K"; VariantName = "[No Variations]"
Change Net Name : Old Net Name=NetC1_1 New Net Name=NetC6_1
Change Net Name : Old Net Name=NetC1_2 New Net Name=NetC5_1
Change Net Name : Old Net Name=NetC2_1 New Net Name=NetC4_1
Change Net Name : Old Net Name=NetC9_2 New Net Name=NetC5_2
Change Net Name : Old Net Name=NetQ5_1 New Net Name=NetQ2_3
Change Net Name : Old Net Name=NetQ5_3 New Net Name=NetQ2_2
